<?xml version="1.0" encoding="UTF-8"?>
<testng-results skipped="0" failed="0" total="1" passed="1">
  <reporter-output>
  </reporter-output>
  <suite name="Suite" duration-ms="26" started-at="2019-01-20T02:17:42Z" finished-at="2019-01-20T02:17:42Z">
    <groups>
    </groups>
    <test name="Test" duration-ms="26" started-at="2019-01-20T02:17:42Z" finished-at="2019-01-20T02:17:42Z">
      <class name="example.PetClinicTest">
        <test-method status="PASS" signature="beforeTest()[pri:0, instance:example.PetClinicTest@edf4efb]" name="beforeTest" is-config="true" duration-ms="5" started-at="2019-01-20T03:17:42Z" finished-at="2019-01-20T03:17:42Z">
          <reporter-output>
          </reporter-output>
        </test-method> <!-- beforeTest -->
        <test-method status="PASS" signature="f()[pri:0, instance:example.PetClinicTest@edf4efb]" name="f" duration-ms="0" started-at="2019-01-20T03:17:42Z" finished-at="2019-01-20T03:17:42Z">
          <reporter-output>
          </reporter-output>
        </test-method> <!-- f -->
        <test-method status="PASS" signature="afterTest()[pri:0, instance:example.PetClinicTest@edf4efb]" name="afterTest" is-config="true" duration-ms="0" started-at="2019-01-20T03:17:42Z" finished-at="2019-01-20T03:17:42Z">
          <reporter-output>
          </reporter-output>
        </test-method> <!-- afterTest -->
      </class> <!-- example.PetClinicTest -->
    </test> <!-- Test -->
  </suite> <!-- Suite -->
</testng-results>
