<?xml version="1.0" encoding="UTF-8"?>
<testng-results skipped="0" failed="0" total="1" passed="1">
  <reporter-output>
  </reporter-output>
  <suite name="Default suite" duration-ms="3644" started-at="2019-01-20T02:48:24Z" finished-at="2019-01-20T02:48:27Z">
    <groups>
    </groups>
    <test name="Default test" duration-ms="3644" started-at="2019-01-20T02:48:24Z" finished-at="2019-01-20T02:48:27Z">
      <class name="example.PetClinicTest">
        <test-method status="PASS" signature="beforeTest()[pri:0, instance:example.PetClinicTest@396a51ab]" name="beforeTest" is-config="true" duration-ms="2868" started-at="2019-01-20T03:48:24Z" finished-at="2019-01-20T03:48:27Z">
          <reporter-output>
          </reporter-output>
        </test-method> <!-- beforeTest -->
        <test-method status="PASS" signature="testPetClinic()[pri:0, instance:example.PetClinicTest@396a51ab]" name="testPetClinic" duration-ms="180" started-at="2019-01-20T03:48:27Z" finished-at="2019-01-20T03:48:27Z">
          <reporter-output>
          </reporter-output>
        </test-method> <!-- testPetClinic -->
        <test-method status="PASS" signature="afterTest()[pri:0, instance:example.PetClinicTest@396a51ab]" name="afterTest" is-config="true" duration-ms="561" started-at="2019-01-20T03:48:27Z" finished-at="2019-01-20T03:48:27Z">
          <reporter-output>
          </reporter-output>
        </test-method> <!-- afterTest -->
      </class> <!-- example.PetClinicTest -->
    </test> <!-- Default test -->
  </suite> <!-- Default suite -->
</testng-results>
